# Logfile created on 2014-05-12 10:11:48 +0100 by logger.rb/44203
I, [2014-05-12T10:11:48.313259 #64851]  INFO -- : 2:  i18n (0.6.9) from /Users/christiantreppo/.gem/ruby/2.1.0/specifications/i18n-0.6.9.gemspec
I, [2014-05-12T10:11:48.315300 #64851]  INFO -- : 2:  bundler (1.5.1) from /Users/christiantreppo/.gem/ruby/2.1.0/specifications/bundler-1.5.1.gemspec
I, [2014-05-12T10:11:49.236126 #64850]  INFO -- : 1:  multi_json (1.10.0) from /Users/christiantreppo/.gem/ruby/2.1.0/specifications/multi_json-1.10.0.gemspec
I, [2014-05-12T10:11:49.274675 #64851]  INFO -- : 2:  mime-types (2.2) from /Users/christiantreppo/.gem/ruby/2.1.0/specifications/mime-types-2.2.gemspec
I, [2014-05-12T10:11:49.276873 #64851]  INFO -- : 2:  rack (1.5.2) from /Users/christiantreppo/.gem/ruby/2.1.0/specifications/rack-1.5.2.gemspec
I, [2014-05-12T10:11:49.278322 #64851]  INFO -- : 2:  minitest (5.2.1) from /Users/christiantreppo/.gem/ruby/2.1.0/specifications/minitest-5.2.1.gemspec
I, [2014-05-12T10:11:49.279329 #64851]  INFO -- : 2:  timers (1.1.0) from /Users/christiantreppo/.gem/ruby/2.1.0/specifications/timers-1.1.0.gemspec
I, [2014-05-12T10:11:49.347560 #64849]  INFO -- : 0:  rake (10.3.1) from /Users/christiantreppo/.gem/ruby/2.1.0/specifications/rake-10.3.1.gemspec
I, [2014-05-12T10:11:49.348292 #64849]  INFO -- : 0:  coderay (1.1.0) from /Users/christiantreppo/.gem/ruby/2.1.0/specifications/coderay-1.1.0.gemspec
I, [2014-05-12T10:11:49.983739 #64850]  INFO -- : 1:  mini_portile (0.5.3) from /Users/christiantreppo/.gem/ruby/2.1.0/specifications/mini_portile-0.5.3.gemspec
I, [2014-05-12T10:11:49.984566 #64850]  INFO -- : 1:  simplecov-html (0.8.0) from /Users/christiantreppo/.gem/ruby/2.1.0/specifications/simplecov-html-0.8.0.gemspec
I, [2014-05-12T10:11:50.087360 #64849]  INFO -- : 0:  docile (1.1.3) from /Users/christiantreppo/.gem/ruby/2.1.0/specifications/docile-1.1.3.gemspec
I, [2014-05-12T10:11:50.875754 #64850]  INFO -- : 1:  tins (1.2.0) from /Users/christiantreppo/.gem/ruby/2.1.0/specifications/tins-1.2.0.gemspec
I, [2014-05-12T10:11:50.938518 #64849]  INFO -- : 0:  thor (0.19.1) from /Users/christiantreppo/.gem/ruby/2.1.0/specifications/thor-0.19.1.gemspec
I, [2014-05-12T10:11:50.939815 #64849]  INFO -- : 0:  ffi (1.9.3) from /Users/christiantreppo/.gem/ruby/2.1.0/specifications/ffi-1.9.3.gemspec
I, [2014-05-12T10:11:51.658054 #64850]  INFO -- : 1:  dotenv (0.7.0) from /Users/christiantreppo/.gem/ruby/2.1.0/specifications/dotenv-0.7.0.gemspec
I, [2014-05-12T10:11:51.659069 #64850]  INFO -- : 1:  multipart-post (2.0.0) from /Users/christiantreppo/.gem/ruby/2.1.0/specifications/multipart-post-2.0.0.gemspec
I, [2014-05-12T10:11:51.659731 #64850]  INFO -- : 1:  formatador (0.2.4) from /Users/christiantreppo/.gem/ruby/2.1.0/specifications/formatador-0.2.4.gemspec
I, [2014-05-12T10:11:51.660413 #64850]  INFO -- : 1:  rb-fsevent (0.9.4) from /Users/christiantreppo/.gem/ruby/2.1.0/specifications/rb-fsevent-0.9.4.gemspec
I, [2014-05-12T10:11:51.812820 #64849]  INFO -- : 0:  excon (0.33.0) from /Users/christiantreppo/.gem/ruby/2.1.0/specifications/excon-0.33.0.gemspec
I, [2014-05-12T10:11:51.813447 #64849]  INFO -- : 0:  method_source (0.8.2) from /Users/christiantreppo/.gem/ruby/2.1.0/specifications/method_source-0.8.2.gemspec
I, [2014-05-12T10:11:52.456108 #64850]  INFO -- : 1:  lumberjack (1.0.5) from /Users/christiantreppo/.gem/ruby/2.1.0/specifications/lumberjack-1.0.5.gemspec
I, [2014-05-12T10:11:52.457161 #64850]  INFO -- : 1:  json (1.8.1) from /Users/christiantreppo/.rubies/ruby-2.1.0/lib/ruby/gems/2.1.0/specifications/default/json-1.8.1.gemspec
I, [2014-05-12T10:11:52.457779 #64850]  INFO -- : 1:  minitest-spec-context (0.0.3) from /Users/christiantreppo/.gem/ruby/2.1.0/specifications/minitest-spec-context-0.0.3.gemspec
I, [2014-05-12T10:11:52.458341 #64850]  INFO -- : 1:  os (0.9.6) from /Users/christiantreppo/.gem/ruby/2.1.0/specifications/os-0.9.6.gemspec
I, [2014-05-12T10:11:52.562491 #64849]  INFO -- : 0:  slop (3.5.0) from /Users/christiantreppo/.gem/ruby/2.1.0/specifications/slop-3.5.0.gemspec
I, [2014-05-12T10:11:53.211187 #64850]  INFO -- : 1:  rubyzip (1.1.3) from /Users/christiantreppo/.gem/ruby/2.1.0/specifications/rubyzip-1.1.3.gemspec
I, [2014-05-12T10:11:53.787216 #64851]  INFO -- : 2:  nio4r (1.0.0) from /Users/christiantreppo/.gem/ruby/2.1.0/specifications/nio4r-1.0.0.gemspec
I, [2014-05-12T10:11:53.788421 #64851]  INFO -- : 2:  tilt (1.4.1) from /Users/christiantreppo/.gem/ruby/2.1.0/specifications/tilt-1.4.1.gemspec
I, [2014-05-12T10:11:53.789103 #64851]  INFO -- : 2:  temple (0.6.7) from /Users/christiantreppo/.gem/ruby/2.1.0/specifications/temple-0.6.7.gemspec
I, [2014-05-12T10:11:54.210917 #64850]  INFO -- : 1:  sass (3.3.7) from /Users/christiantreppo/.gem/ruby/2.1.0/specifications/sass-3.3.7.gemspec
I, [2014-05-12T10:11:54.700006 #64851]  INFO -- : 2:  vcr (2.9.0) from /Users/christiantreppo/.gem/ruby/2.1.0/specifications/vcr-2.9.0.gemspec
I, [2014-05-12T10:11:54.700850 #64851]  INFO -- : 2:  rest-client (1.6.7) from /Users/christiantreppo/.gem/ruby/2.1.0/specifications/rest-client-1.6.7.gemspec
I, [2014-05-12T10:11:54.701446 #64851]  INFO -- : 2:  rack-test (0.6.2) from /Users/christiantreppo/.gem/ruby/2.1.0/specifications/rack-test-0.6.2.gemspec
I, [2014-05-12T10:11:55.119633 #64850]  INFO -- : 1:  activesupport (3.2.18) from /Users/christiantreppo/.gem/ruby/2.1.0/specifications/activesupport-3.2.18.gemspec
I, [2014-05-12T10:11:55.120377 #64850]  INFO -- : 1:  celluloid (0.15.2) from /Users/christiantreppo/.gem/ruby/2.1.0/specifications/celluloid-0.15.2.gemspec
I, [2014-05-12T10:11:55.121052 #64850]  INFO -- : 1:  nokogiri (1.6.1) from /Users/christiantreppo/.gem/ruby/2.1.0/specifications/nokogiri-1.6.1.gemspec
I, [2014-05-12T10:11:55.121637 #64850]  INFO -- : 1:  simplecov (0.8.2) from /Users/christiantreppo/.gem/ruby/2.1.0/specifications/simplecov-0.8.2.gemspec
I, [2014-05-12T10:11:55.463231 #64851]  INFO -- : 2:  rack-protection (1.5.3) from /Users/christiantreppo/.gem/ruby/2.1.0/specifications/rack-protection-1.5.3.gemspec
I, [2014-05-12T10:11:56.023392 #64850]  INFO -- : 1:  term-ansicolor (1.3.0) from /Users/christiantreppo/.gem/ruby/2.1.0/specifications/term-ansicolor-1.3.0.gemspec
I, [2014-05-12T10:11:56.248536 #64851]  INFO -- : 2:  ethon (0.7.0) from /Users/christiantreppo/.gem/ruby/2.1.0/specifications/ethon-0.7.0.gemspec
I, [2014-05-12T10:11:56.764460 #64850]  INFO -- : 1:  rb-inotify (0.9.4) from /Users/christiantreppo/.gem/ruby/2.1.0/specifications/rb-inotify-0.9.4.gemspec
I, [2014-05-12T10:11:56.765359 #64850]  INFO -- : 1:  faraday (0.9.0) from /Users/christiantreppo/.gem/ruby/2.1.0/specifications/faraday-0.9.0.gemspec
I, [2014-05-12T10:11:57.042292 #64851]  INFO -- : 2:  foreman (0.66.0) from /Users/christiantreppo/.gem/ruby/2.1.0/specifications/foreman-0.66.0.gemspec
I, [2014-05-12T10:11:57.486532 #64849]  INFO -- : 0:  oj (2.9.0) from /Users/christiantreppo/.gem/ruby/2.1.0/specifications/oj-2.9.0.gemspec
I, [2014-05-12T10:11:57.487398 #64849]  INFO -- : 0:  slim (2.0.2) from /Users/christiantreppo/.gem/ruby/2.1.0/specifications/slim-2.0.2.gemspec
I, [2014-05-12T10:11:57.600172 #64850]  INFO -- : 1:  pry (0.9.12.6) from /Users/christiantreppo/.gem/ruby/2.1.0/specifications/pry-0.9.12.6.gemspec
I, [2014-05-12T10:11:57.600866 #64850]  INFO -- : 1:  quacky (0.2.8) from /Users/christiantreppo/.gem/ruby/2.1.0/specifications/quacky-0.2.8.gemspec
I, [2014-05-12T10:11:57.904498 #64851]  INFO -- : 2:  neography (1.5.0) from /Users/christiantreppo/.gem/ruby/2.1.0/specifications/neography-1.5.0.gemspec
I, [2014-05-12T10:11:57.905123 #64851]  INFO -- : 2:  xpath (2.0.0) from /Users/christiantreppo/.gem/ruby/2.1.0/specifications/xpath-2.0.0.gemspec
I, [2014-05-12T10:11:58.241617 #64849]  INFO -- : 0:  jbuilder (2.0.7) from /Users/christiantreppo/.gem/ruby/2.1.0/specifications/jbuilder-2.0.7.gemspec
I, [2014-05-12T10:11:58.242512 #64849]  INFO -- : 0:  coveralls (0.7.0) from /Users/christiantreppo/.gem/ruby/2.1.0/specifications/coveralls-0.7.0.gemspec
I, [2014-05-12T10:11:58.374475 #64850]  INFO -- : 1:  celluloid-io (0.15.0) from /Users/christiantreppo/.gem/ruby/2.1.0/specifications/celluloid-io-0.15.0.gemspec
I, [2014-05-12T10:11:58.375197 #64850]  INFO -- : 1:  capybara (2.2.1) from /Users/christiantreppo/.gem/ruby/2.1.0/specifications/capybara-2.2.1.gemspec
I, [2014-05-12T10:11:58.743432 #64851]  INFO -- : 2:  sinatra (1.4.5) from /Users/christiantreppo/.gem/ruby/2.1.0/specifications/sinatra-1.4.5.gemspec
I, [2014-05-12T10:11:59.014217 #64849]  INFO -- : 0:  typhoeus (0.6.8) from /Users/christiantreppo/.gem/ruby/2.1.0/specifications/typhoeus-0.6.8.gemspec
I, [2014-05-12T10:11:59.130766 #64850]  INFO -- : 1:  tilt-jbuilder (0.6.0) from /Users/christiantreppo/.gem/ruby/2.1.0/specifications/tilt-jbuilder-0.6.0.gemspec
I, [2014-05-12T10:11:59.536165 #64851]  INFO -- : 2:  listen (2.7.4) from /Users/christiantreppo/.gem/ruby/2.1.0/specifications/listen-2.7.4.gemspec
I, [2014-05-12T10:11:59.755044 #64849]  INFO -- : 0:  capybara_minitest_spec (1.0.2) from /Users/christiantreppo/.gem/ruby/2.1.0/specifications/capybara_minitest_spec-1.0.2.gemspec
I, [2014-05-12T10:12:00.380948 #64850]  INFO -- : 1:  guard (2.6.1) from /Users/christiantreppo/.gem/ruby/2.1.0/specifications/guard-2.6.1.gemspec
I, [2014-05-12T10:12:00.381775 #64851]  INFO -- : 2:  guard-bundler (2.0.0) from /Users/christiantreppo/.gem/ruby/2.1.0/specifications/guard-bundler-2.0.0.gemspec
I, [2014-05-12T10:12:01.153346 #64849]  INFO -- : 0:  guard-minitest (2.3.0) from /Users/christiantreppo/.gem/ruby/2.1.0/specifications/guard-minitest-2.3.0.gemspec
